-- TOOLCHAIN_DIR: /usr/
-- BUILD_TYPE: flash_debug
-- TOOLCHAIN_DIR: /usr/
-- BUILD_TYPE: flash_debug
-- The C compiler identification is GNU 10.3.1
-- The CXX compiler identification is GNU 10.3.1
-- The ASM compiler identification is GNU
-- Found assembler: /usr//bin/arm-none-eabi-gcc
-- Configuring done
-- Generating done
-- Build files have been written to: /home/ubuntu/Desktop/comp445/rw612/boards/frdmrw612/wifi_examples/wifi_httpsrv/armgcc
Scanning dependencies of target wifi_httpsrv.elf
[  0%] Building C object CMakeFiles/wifi_httpsrv.elf.dir/home/ubuntu/Desktop/comp445/rw612/boards/frdmrw612/wifi_examples/wifi_httpsrv/httpsrv_freertos.c.obj
[  0%] Building C object CMakeFiles/wifi_httpsrv.elf.dir/home/ubuntu/Desktop/comp445/rw612/boards/frdmrw612/wifi_examples/wifi_httpsrv/httpsrv_fs_data.c.obj
[  1%] Building C object CMakeFiles/wifi_httpsrv.elf.dir/home/ubuntu/Desktop/comp445/rw612/boards/frdmrw612/wifi_examples/wifi_httpsrv/wifi_httpsrv.c.obj
[  1%] Building C object CMakeFiles/wifi_httpsrv.elf.dir/home/ubuntu/Desktop/comp445/rw612/boards/frdmrw612/wifi_examples/wifi_httpsrv/pin_mux.c.obj
[  1%] Building C object CMakeFiles/wifi_httpsrv.elf.dir/home/ubuntu/Desktop/comp445/rw612/boards/frdmrw612/wifi_examples/wifi_httpsrv/board.c.obj
[  2%] Building C object CMakeFiles/wifi_httpsrv.elf.dir/home/ubuntu/Desktop/comp445/rw612/boards/frdmrw612/wifi_examples/wifi_httpsrv/clock_config.c.obj
[  3%] Building C object CMakeFiles/wifi_httpsrv.elf.dir/home/ubuntu/Desktop/comp445/rw612/boards/frdmrw612/wifi_examples/wifi_httpsrv/hardware_init.c.obj
[  3%] Building C object CMakeFiles/wifi_httpsrv.elf.dir/home/ubuntu/Desktop/comp445/rw612/components/els_pkc/src/comps/mcuxClBuffer/src/mcuxClBuffer.c.obj
[  4%] Building C object CMakeFiles/wifi_httpsrv.elf.dir/home/ubuntu/Desktop/comp445/rw612/components/els_pkc/src/comps/mcuxClEls/src/mcuxClEls_Common.c.obj
[  5%] Building C object CMakeFiles/wifi_httpsrv.elf.dir/home/ubuntu/Desktop/comp445/rw612/components/els_pkc/src/comps/mcuxCsslMemory/src/mcuxCsslMemory_Clear.c.obj
[  5%] Building C object CMakeFiles/wifi_httpsrv.elf.dir/home/ubuntu/Desktop/comp445/rw612/components/els_pkc/src/comps/mcuxClMemory/src/mcuxClMemory.c.obj
[  5%] Building C object CMakeFiles/wifi_httpsrv.elf.dir/home/ubuntu/Desktop/comp445/rw612/components/els_pkc/src/comps/mcuxCsslMemory/src/mcuxCsslMemory_Compare.c.obj
[  5%] Building C object CMakeFiles/wifi_httpsrv.elf.dir/home/ubuntu/Desktop/comp445/rw612/components/els_pkc/src/comps/mcuxCsslMemory/src/mcuxCsslMemory_Copy.c.obj
[  6%] Building C object CMakeFiles/wifi_httpsrv.elf.dir/home/ubuntu/Desktop/comp445/rw612/components/els_pkc/src/comps/mcuxCsslMemory/src/mcuxCsslMemory_Set.c.obj
[  6%] Building C object CMakeFiles/wifi_httpsrv.elf.dir/home/ubuntu/Desktop/comp445/rw612/components/els_pkc/src/comps/mcuxCsslParamIntegrity/src/mcuxCsslParamIntegrity32.c.obj
[  7%] Building C object CMakeFiles/wifi_httpsrv.elf.dir/home/ubuntu/Desktop/comp445/rw612/components/els_pkc/src/comps/mcuxClEls/src/mcuxClEls_GlitchDetector.c.obj
[  7%] Building C object CMakeFiles/wifi_httpsrv.elf.dir/home/ubuntu/Desktop/comp445/rw612/components/lists/fsl_component_generic_list.c.obj
[  8%] Building C object CMakeFiles/wifi_httpsrv.elf.dir/home/ubuntu/Desktop/comp445/rw612/components/flash/mflash/mflash_file.c.obj
[  8%] Building C object CMakeFiles/wifi_httpsrv.elf.dir/home/ubuntu/Desktop/comp445/rw612/components/flash/mflash/frdmrw612/mflash_drv.c.obj
[  9%] Building C object CMakeFiles/wifi_httpsrv.elf.dir/home/ubuntu/Desktop/comp445/rw612/components/osa/fsl_os_abstraction_free_rtos.c.obj
[  9%] Building C object CMakeFiles/wifi_httpsrv.elf.dir/home/ubuntu/Desktop/comp445/rw612/components/serial_manager/fsl_component_serial_manager.c.obj
[ 10%] Building C object CMakeFiles/wifi_httpsrv.elf.dir/home/ubuntu/Desktop/comp445/rw612/components/serial_manager/fsl_component_serial_port_uart.c.obj
[ 10%] Building C object CMakeFiles/wifi_httpsrv.elf.dir/home/ubuntu/Desktop/comp445/rw612/components/imu_adapter/fsl_adapter_imu.c.obj
[ 10%] Building C object CMakeFiles/wifi_httpsrv.elf.dir/home/ubuntu/Desktop/comp445/rw612/components/uart/fsl_adapter_usart.c.obj
[ 11%] Building ASM object CMakeFiles/wifi_httpsrv.elf.dir/home/ubuntu/Desktop/comp445/rw612/devices/RW612/gcc/startup_RW612.S.obj
[ 11%] Building C object CMakeFiles/wifi_httpsrv.elf.dir/home/ubuntu/Desktop/comp445/rw612/devices/RW612/system_RW612.c.obj
[ 12%] Building C object CMakeFiles/wifi_httpsrv.elf.dir/home/ubuntu/Desktop/comp445/rw612/devices/RW612/drivers/fsl_cache.c.obj
[ 12%] Building C object CMakeFiles/wifi_httpsrv.elf.dir/home/ubuntu/Desktop/comp445/rw612/devices/RW612/drivers/fsl_clock.c.obj
[ 13%] Building C object CMakeFiles/wifi_httpsrv.elf.dir/home/ubuntu/Desktop/comp445/rw612/devices/RW612/drivers/fsl_common.c.obj
[ 13%] Building C object CMakeFiles/wifi_httpsrv.elf.dir/home/ubuntu/Desktop/comp445/rw612/devices/RW612/drivers/fsl_common_arm.c.obj
[ 14%] Building C object CMakeFiles/wifi_httpsrv.elf.dir/home/ubuntu/Desktop/comp445/rw612/components/conn_fwloader/fsl_loader.c.obj
[ 14%] Building C object CMakeFiles/wifi_httpsrv.elf.dir/home/ubuntu/Desktop/comp445/rw612/components/conn_fwloader/fsl_loader_utils.c.obj
[ 15%] Building C object CMakeFiles/wifi_httpsrv.elf.dir/home/ubuntu/Desktop/comp445/rw612/components/conn_fwloader/nboot_hal.c.obj
[ 15%] Building C object CMakeFiles/wifi_httpsrv.elf.dir/home/ubuntu/Desktop/comp445/rw612/components/conn_fwloader/life_cycle.c.obj
[ 15%] Building C object CMakeFiles/wifi_httpsrv.elf.dir/home/ubuntu/Desktop/comp445/rw612/components/conn_fwloader/fw_bin/rw61x/rw61x_cpu1.c.obj
[ 16%] Building C object CMakeFiles/wifi_httpsrv.elf.dir/home/ubuntu/Desktop/comp445/rw612/components/conn_fwloader/fw_bin/rw61x/rw61x_cpu2.c.obj
[ 16%] Building C object CMakeFiles/wifi_httpsrv.elf.dir/home/ubuntu/Desktop/comp445/rw612/boards/frdmrw612/flash_config/flash_config.c.obj
[ 17%] Building C object CMakeFiles/wifi_httpsrv.elf.dir/home/ubuntu/Desktop/comp445/rw612/devices/RW612/drivers/fsl_flexcomm.c.obj
[ 17%] Building C object CMakeFiles/wifi_httpsrv.elf.dir/home/ubuntu/Desktop/comp445/rw612/devices/RW612/drivers/fsl_usart.c.obj
[ 18%] Building C object CMakeFiles/wifi_httpsrv.elf.dir/home/ubuntu/Desktop/comp445/rw612/devices/RW612/drivers/fsl_usart_freertos.c.obj
[ 18%] Building C object CMakeFiles/wifi_httpsrv.elf.dir/home/ubuntu/Desktop/comp445/rw612/devices/RW612/drivers/fsl_flexspi.c.obj
[ 19%] Building C object CMakeFiles/wifi_httpsrv.elf.dir/home/ubuntu/Desktop/comp445/rw612/devices/RW612/drivers/fsl_gdma.c.obj
[ 20%] Building C object CMakeFiles/wifi_httpsrv.elf.dir/home/ubuntu/Desktop/comp445/rw612/devices/RW612/drivers/fsl_imu.c.obj
[ 20%] Building C object CMakeFiles/wifi_httpsrv.elf.dir/home/ubuntu/Desktop/comp445/rw612/devices/RW612/drivers/fsl_i2s_bridge.c.obj
[ 20%] Building C object CMakeFiles/wifi_httpsrv.elf.dir/home/ubuntu/Desktop/comp445/rw612/devices/RW612/drivers/fsl_iped.c.obj
[ 20%] Building C object CMakeFiles/wifi_httpsrv.elf.dir/home/ubuntu/Desktop/comp445/rw612/devices/RW612/drivers/fsl_gpio.c.obj
[ 21%] Building C object CMakeFiles/wifi_httpsrv.elf.dir/home/ubuntu/Desktop/comp445/rw612/devices/RW612/drivers/fsl_ocotp.c.obj
[ 21%] Building C object CMakeFiles/wifi_httpsrv.elf.dir/home/ubuntu/Desktop/comp445/rw612/devices/RW612/drivers/fsl_power.c.obj
[ 22%] Building C object CMakeFiles/wifi_httpsrv.elf.dir/home/ubuntu/Desktop/comp445/rw612/devices/RW612/drivers/fsl_reset.c.obj
[ 22%] Building C object CMakeFiles/wifi_httpsrv.elf.dir/home/ubuntu/Desktop/comp445/rw612/components/edgefast_wifi/source/wpl_nxp.c.obj
[ 23%] Building C object CMakeFiles/wifi_httpsrv.elf.dir/home/ubuntu/Desktop/comp445/rw612/rtos/freertos/freertos-kernel/croutine.c.obj
[ 23%] Building C object CMakeFiles/wifi_httpsrv.elf.dir/home/ubuntu/Desktop/comp445/rw612/rtos/freertos/freertos-kernel/event_groups.c.obj
[ 24%] Building C object CMakeFiles/wifi_httpsrv.elf.dir/home/ubuntu/Desktop/comp445/rw612/rtos/freertos/freertos-kernel/list.c.obj
[ 24%] Building C object CMakeFiles/wifi_httpsrv.elf.dir/home/ubuntu/Desktop/comp445/rw612/rtos/freertos/freertos-kernel/queue.c.obj
[ 25%] Building C object CMakeFiles/wifi_httpsrv.elf.dir/home/ubuntu/Desktop/comp445/rw612/rtos/freertos/freertos-kernel/stream_buffer.c.obj
[ 25%] Building C object CMakeFiles/wifi_httpsrv.elf.dir/home/ubuntu/Desktop/comp445/rw612/rtos/freertos/freertos-kernel/tasks.c.obj
[ 25%] Building C object CMakeFiles/wifi_httpsrv.elf.dir/home/ubuntu/Desktop/comp445/rw612/rtos/freertos/freertos-kernel/timers.c.obj
[ 26%] Building C object CMakeFiles/wifi_httpsrv.elf.dir/home/ubuntu/Desktop/comp445/rw612/rtos/freertos/freertos-kernel/portable/GCC/ARM_CM33_NTZ/non_secure/mpu_wrappers_v2_asm.c.obj
[ 26%] Building C object CMakeFiles/wifi_httpsrv.elf.dir/home/ubuntu/Desktop/comp445/rw612/rtos/freertos/freertos-kernel/portable/GCC/ARM_CM33_NTZ/non_secure/port.c.obj
[ 27%] Building C object CMakeFiles/wifi_httpsrv.elf.dir/home/ubuntu/Desktop/comp445/rw612/rtos/freertos/freertos-kernel/portable/GCC/ARM_CM33_NTZ/non_secure/portasm.c.obj
[ 27%] Building C object CMakeFiles/wifi_httpsrv.elf.dir/home/ubuntu/Desktop/comp445/rw612/rtos/freertos/freertos-kernel/portable/MemMang/heap_4.c.obj
[ 28%] Building C object CMakeFiles/wifi_httpsrv.elf.dir/home/ubuntu/Desktop/comp445/rw612/middleware/lwip/src/api/api_lib.c.obj
[ 28%] Building C object CMakeFiles/wifi_httpsrv.elf.dir/home/ubuntu/Desktop/comp445/rw612/middleware/lwip/src/api/api_msg.c.obj
[ 28%] Building C object CMakeFiles/wifi_httpsrv.elf.dir/home/ubuntu/Desktop/comp445/rw612/middleware/lwip/src/api/if_api.c.obj
[ 29%] Building C object CMakeFiles/wifi_httpsrv.elf.dir/home/ubuntu/Desktop/comp445/rw612/middleware/lwip/src/api/netbuf.c.obj
[ 30%] Building C object CMakeFiles/wifi_httpsrv.elf.dir/home/ubuntu/Desktop/comp445/rw612/middleware/lwip/src/api/err.c.obj
[ 30%] Building C object CMakeFiles/wifi_httpsrv.elf.dir/home/ubuntu/Desktop/comp445/rw612/middleware/lwip/src/api/netdb.c.obj
[ 30%] Building C object CMakeFiles/wifi_httpsrv.elf.dir/home/ubuntu/Desktop/comp445/rw612/middleware/lwip/src/api/netifapi.c.obj
[ 31%] Building C object CMakeFiles/wifi_httpsrv.elf.dir/home/ubuntu/Desktop/comp445/rw612/middleware/lwip/src/api/sockets.c.obj
[ 31%] Building C object CMakeFiles/wifi_httpsrv.elf.dir/home/ubuntu/Desktop/comp445/rw612/middleware/lwip/src/api/tcpip.c.obj
[ 32%] Building C object CMakeFiles/wifi_httpsrv.elf.dir/home/ubuntu/Desktop/comp445/rw612/middleware/lwip/src/core/altcp.c.obj
[ 32%] Building C object CMakeFiles/wifi_httpsrv.elf.dir/home/ubuntu/Desktop/comp445/rw612/middleware/lwip/src/core/altcp_alloc.c.obj
[ 33%] Building C object CMakeFiles/wifi_httpsrv.elf.dir/home/ubuntu/Desktop/comp445/rw612/middleware/lwip/src/core/altcp_tcp.c.obj
[ 33%] Building C object CMakeFiles/wifi_httpsrv.elf.dir/home/ubuntu/Desktop/comp445/rw612/middleware/lwip/src/core/def.c.obj
[ 34%] Building C object CMakeFiles/wifi_httpsrv.elf.dir/home/ubuntu/Desktop/comp445/rw612/middleware/lwip/src/core/dns.c.obj
[ 34%] Building C object CMakeFiles/wifi_httpsrv.elf.dir/home/ubuntu/Desktop/comp445/rw612/middleware/lwip/src/core/inet_chksum.c.obj
[ 35%] Building C object CMakeFiles/wifi_httpsrv.elf.dir/home/ubuntu/Desktop/comp445/rw612/middleware/lwip/src/core/init.c.obj
[ 35%] Building C object CMakeFiles/wifi_httpsrv.elf.dir/home/ubuntu/Desktop/comp445/rw612/middleware/lwip/src/core/ip.c.obj
[ 35%] Building C object CMakeFiles/wifi_httpsrv.elf.dir/home/ubuntu/Desktop/comp445/rw612/middleware/lwip/src/core/mem.c.obj
[ 36%] Building C object CMakeFiles/wifi_httpsrv.elf.dir/home/ubuntu/Desktop/comp445/rw612/middleware/lwip/src/core/memp.c.obj
[ 36%] Building C object CMakeFiles/wifi_httpsrv.elf.dir/home/ubuntu/Desktop/comp445/rw612/middleware/lwip/src/core/netif.c.obj
[ 37%] Building C object CMakeFiles/wifi_httpsrv.elf.dir/home/ubuntu/Desktop/comp445/rw612/middleware/lwip/src/core/pbuf.c.obj
[ 37%] Building C object CMakeFiles/wifi_httpsrv.elf.dir/home/ubuntu/Desktop/comp445/rw612/middleware/lwip/src/core/raw.c.obj
[ 37%] Building C object CMakeFiles/wifi_httpsrv.elf.dir/home/ubuntu/Desktop/comp445/rw612/middleware/lwip/src/core/sys.c.obj
[ 39%] Building C object CMakeFiles/wifi_httpsrv.elf.dir/home/ubuntu/Desktop/comp445/rw612/middleware/lwip/src/core/tcp.c.obj
[ 39%] Building C object CMakeFiles/wifi_httpsrv.elf.dir/home/ubuntu/Desktop/comp445/rw612/middleware/lwip/src/core/tcp_in.c.obj
[ 38%] Building C object CMakeFiles/wifi_httpsrv.elf.dir/home/ubuntu/Desktop/comp445/rw612/middleware/lwip/src/core/stats.c.obj
[ 40%] Building C object CMakeFiles/wifi_httpsrv.elf.dir/home/ubuntu/Desktop/comp445/rw612/middleware/lwip/src/core/tcp_out.c.obj
[ 40%] Building C object CMakeFiles/wifi_httpsrv.elf.dir/home/ubuntu/Desktop/comp445/rw612/middleware/lwip/src/core/timeouts.c.obj
[ 40%] Building C object CMakeFiles/wifi_httpsrv.elf.dir/home/ubuntu/Desktop/comp445/rw612/middleware/lwip/src/core/udp.c.obj
[ 41%] Building C object CMakeFiles/wifi_httpsrv.elf.dir/home/ubuntu/Desktop/comp445/rw612/middleware/lwip/src/core/ipv4/acd.c.obj
[ 41%] Building C object CMakeFiles/wifi_httpsrv.elf.dir/home/ubuntu/Desktop/comp445/rw612/middleware/lwip/src/core/ipv4/autoip.c.obj
[ 42%] Building C object CMakeFiles/wifi_httpsrv.elf.dir/home/ubuntu/Desktop/comp445/rw612/middleware/lwip/src/core/ipv4/dhcp.c.obj
[ 42%] Building C object CMakeFiles/wifi_httpsrv.elf.dir/home/ubuntu/Desktop/comp445/rw612/middleware/lwip/src/core/ipv4/etharp.c.obj
[ 43%] Building C object CMakeFiles/wifi_httpsrv.elf.dir/home/ubuntu/Desktop/comp445/rw612/middleware/lwip/src/core/ipv4/icmp.c.obj
[ 43%] Building C object CMakeFiles/wifi_httpsrv.elf.dir/home/ubuntu/Desktop/comp445/rw612/middleware/lwip/src/core/ipv4/igmp.c.obj
[ 44%] Building C object CMakeFiles/wifi_httpsrv.elf.dir/home/ubuntu/Desktop/comp445/rw612/middleware/lwip/src/core/ipv4/ip4.c.obj
[ 44%] Building C object CMakeFiles/wifi_httpsrv.elf.dir/home/ubuntu/Desktop/comp445/rw612/middleware/lwip/src/core/ipv4/ip4_addr.c.obj
[ 45%] Building C object CMakeFiles/wifi_httpsrv.elf.dir/home/ubuntu/Desktop/comp445/rw612/middleware/lwip/src/core/ipv4/ip4_frag.c.obj
[ 45%] Building C object CMakeFiles/wifi_httpsrv.elf.dir/home/ubuntu/Desktop/comp445/rw612/middleware/lwip/src/core/ipv6/dhcp6.c.obj
[ 45%] Building C object CMakeFiles/wifi_httpsrv.elf.dir/home/ubuntu/Desktop/comp445/rw612/middleware/lwip/src/core/ipv6/ethip6.c.obj
[ 46%] Building C object CMakeFiles/wifi_httpsrv.elf.dir/home/ubuntu/Desktop/comp445/rw612/middleware/lwip/src/core/ipv6/icmp6.c.obj
[ 46%] Building C object CMakeFiles/wifi_httpsrv.elf.dir/home/ubuntu/Desktop/comp445/rw612/middleware/lwip/src/core/ipv6/inet6.c.obj
[ 47%] Building C object CMakeFiles/wifi_httpsrv.elf.dir/home/ubuntu/Desktop/comp445/rw612/middleware/lwip/src/core/ipv6/ip6.c.obj
[ 47%] Building C object CMakeFiles/wifi_httpsrv.elf.dir/home/ubuntu/Desktop/comp445/rw612/middleware/lwip/src/core/ipv6/ip6_addr.c.obj
[ 48%] Building C object CMakeFiles/wifi_httpsrv.elf.dir/home/ubuntu/Desktop/comp445/rw612/middleware/lwip/src/core/ipv6/ip6_frag.c.obj
[ 49%] Building C object CMakeFiles/wifi_httpsrv.elf.dir/home/ubuntu/Desktop/comp445/rw612/middleware/lwip/src/core/ipv6/nd6.c.obj
[ 49%] Building C object CMakeFiles/wifi_httpsrv.elf.dir/home/ubuntu/Desktop/comp445/rw612/middleware/lwip/src/netif/bridgeif.c.obj
[ 49%] Building C object CMakeFiles/wifi_httpsrv.elf.dir/home/ubuntu/Desktop/comp445/rw612/middleware/lwip/src/core/ipv6/mld6.c.obj
[ 50%] Building C object CMakeFiles/wifi_httpsrv.elf.dir/home/ubuntu/Desktop/comp445/rw612/middleware/lwip/src/netif/bridgeif_fdb.c.obj
[ 50%] Building C object CMakeFiles/wifi_httpsrv.elf.dir/home/ubuntu/Desktop/comp445/rw612/middleware/lwip/src/netif/ethernet.c.obj
[ 50%] Building C object CMakeFiles/wifi_httpsrv.elf.dir/home/ubuntu/Desktop/comp445/rw612/middleware/lwip/src/netif/lowpan6.c.obj
[ 51%] Building C object CMakeFiles/wifi_httpsrv.elf.dir/home/ubuntu/Desktop/comp445/rw612/middleware/lwip/src/netif/lowpan6_ble.c.obj
[ 51%] Building C object CMakeFiles/wifi_httpsrv.elf.dir/home/ubuntu/Desktop/comp445/rw612/middleware/lwip/src/netif/lowpan6_common.c.obj
[ 52%] Building C object CMakeFiles/wifi_httpsrv.elf.dir/home/ubuntu/Desktop/comp445/rw612/middleware/lwip/src/netif/slipif.c.obj
[ 52%] Building C object CMakeFiles/wifi_httpsrv.elf.dir/home/ubuntu/Desktop/comp445/rw612/middleware/lwip/src/netif/zepif.c.obj
[ 53%] Building C object CMakeFiles/wifi_httpsrv.elf.dir/home/ubuntu/Desktop/comp445/rw612/middleware/lwip/src/netif/ppp/auth.c.obj
[ 53%] Building C object CMakeFiles/wifi_httpsrv.elf.dir/home/ubuntu/Desktop/comp445/rw612/middleware/lwip/src/netif/ppp/ccp.c.obj
[ 53%] Building C object CMakeFiles/wifi_httpsrv.elf.dir/home/ubuntu/Desktop/comp445/rw612/middleware/lwip/src/netif/ppp/chap-new.c.obj
[ 54%] Building C object CMakeFiles/wifi_httpsrv.elf.dir/home/ubuntu/Desktop/comp445/rw612/middleware/lwip/src/netif/ppp/chap-md5.c.obj
[ 55%] Building C object CMakeFiles/wifi_httpsrv.elf.dir/home/ubuntu/Desktop/comp445/rw612/middleware/lwip/src/netif/ppp/chap_ms.c.obj
[ 55%] Building C object CMakeFiles/wifi_httpsrv.elf.dir/home/ubuntu/Desktop/comp445/rw612/middleware/lwip/src/netif/ppp/demand.c.obj
[ 55%] Building C object CMakeFiles/wifi_httpsrv.elf.dir/home/ubuntu/Desktop/comp445/rw612/middleware/lwip/src/netif/ppp/eap.c.obj
[ 56%] Building C object CMakeFiles/wifi_httpsrv.elf.dir/home/ubuntu/Desktop/comp445/rw612/middleware/lwip/src/netif/ppp/ecp.c.obj
[ 56%] Building C object CMakeFiles/wifi_httpsrv.elf.dir/home/ubuntu/Desktop/comp445/rw612/middleware/lwip/src/netif/ppp/eui64.c.obj
[ 57%] Building C object CMakeFiles/wifi_httpsrv.elf.dir/home/ubuntu/Desktop/comp445/rw612/middleware/lwip/src/netif/ppp/fsm.c.obj
[ 57%] Building C object CMakeFiles/wifi_httpsrv.elf.dir/home/ubuntu/Desktop/comp445/rw612/middleware/lwip/src/netif/ppp/ipcp.c.obj
[ 58%] Building C object CMakeFiles/wifi_httpsrv.elf.dir/home/ubuntu/Desktop/comp445/rw612/middleware/lwip/src/netif/ppp/ipv6cp.c.obj
[ 58%] Building C object CMakeFiles/wifi_httpsrv.elf.dir/home/ubuntu/Desktop/comp445/rw612/middleware/lwip/src/netif/ppp/lcp.c.obj
[ 59%] Building C object CMakeFiles/wifi_httpsrv.elf.dir/home/ubuntu/Desktop/comp445/rw612/middleware/lwip/src/netif/ppp/magic.c.obj
[ 59%] Building C object CMakeFiles/wifi_httpsrv.elf.dir/home/ubuntu/Desktop/comp445/rw612/middleware/lwip/src/netif/ppp/mppe.c.obj
[ 60%] Building C object CMakeFiles/wifi_httpsrv.elf.dir/home/ubuntu/Desktop/comp445/rw612/middleware/lwip/src/netif/ppp/multilink.c.obj
[ 60%] Building C object CMakeFiles/wifi_httpsrv.elf.dir/home/ubuntu/Desktop/comp445/rw612/middleware/lwip/src/netif/ppp/ppp.c.obj
[ 60%] Building C object CMakeFiles/wifi_httpsrv.elf.dir/home/ubuntu/Desktop/comp445/rw612/middleware/lwip/src/netif/ppp/pppapi.c.obj
[ 61%] Building C object CMakeFiles/wifi_httpsrv.elf.dir/home/ubuntu/Desktop/comp445/rw612/middleware/lwip/src/netif/ppp/pppcrypt.c.obj
[ 61%] Building C object CMakeFiles/wifi_httpsrv.elf.dir/home/ubuntu/Desktop/comp445/rw612/middleware/lwip/src/netif/ppp/pppoe.c.obj
[ 62%] Building C object CMakeFiles/wifi_httpsrv.elf.dir/home/ubuntu/Desktop/comp445/rw612/middleware/lwip/src/netif/ppp/pppol2tp.c.obj
[ 63%] Building C object CMakeFiles/wifi_httpsrv.elf.dir/home/ubuntu/Desktop/comp445/rw612/middleware/lwip/src/netif/ppp/upap.c.obj
[ 63%] Building C object CMakeFiles/wifi_httpsrv.elf.dir/home/ubuntu/Desktop/comp445/rw612/middleware/lwip/src/netif/ppp/pppos.c.obj
[ 64%] Building C object CMakeFiles/wifi_httpsrv.elf.dir/home/ubuntu/Desktop/comp445/rw612/middleware/lwip/src/netif/ppp/vj.c.obj
[ 64%] Building C object CMakeFiles/wifi_httpsrv.elf.dir/home/ubuntu/Desktop/comp445/rw612/middleware/lwip/src/netif/ppp/utils.c.obj
[ 64%] Building C object CMakeFiles/wifi_httpsrv.elf.dir/home/ubuntu/Desktop/comp445/rw612/middleware/lwip/src/netif/ppp/polarssl/arc4.c.obj
[ 65%] Building C object CMakeFiles/wifi_httpsrv.elf.dir/home/ubuntu/Desktop/comp445/rw612/middleware/lwip/src/netif/ppp/polarssl/des.c.obj
[ 65%] Building C object CMakeFiles/wifi_httpsrv.elf.dir/home/ubuntu/Desktop/comp445/rw612/middleware/lwip/src/netif/ppp/polarssl/md4.c.obj
[ 65%] Building C object CMakeFiles/wifi_httpsrv.elf.dir/home/ubuntu/Desktop/comp445/rw612/middleware/lwip/src/netif/ppp/polarssl/md5.c.obj
[ 66%] Building C object CMakeFiles/wifi_httpsrv.elf.dir/home/ubuntu/Desktop/comp445/rw612/middleware/lwip/src/netif/ppp/polarssl/sha1.c.obj
[ 66%] Building C object CMakeFiles/wifi_httpsrv.elf.dir/home/ubuntu/Desktop/comp445/rw612/middleware/lwip/src/apps/httpsrv/httpsrv.c.obj
[ 67%] Building C object CMakeFiles/wifi_httpsrv.elf.dir/home/ubuntu/Desktop/comp445/rw612/middleware/lwip/src/apps/httpsrv/httpsrv_base64.c.obj
[ 67%] Building C object CMakeFiles/wifi_httpsrv.elf.dir/home/ubuntu/Desktop/comp445/rw612/middleware/lwip/src/apps/httpsrv/httpsrv_fs.c.obj
[ 68%] Building C object CMakeFiles/wifi_httpsrv.elf.dir/home/ubuntu/Desktop/comp445/rw612/middleware/lwip/src/apps/httpsrv/httpsrv_script.c.obj
[ 68%] Building C object CMakeFiles/wifi_httpsrv.elf.dir/home/ubuntu/Desktop/comp445/rw612/middleware/lwip/src/apps/httpsrv/httpsrv_sha1.c.obj
[ 69%] Building C object CMakeFiles/wifi_httpsrv.elf.dir/home/ubuntu/Desktop/comp445/rw612/middleware/lwip/src/apps/httpsrv/httpsrv_supp.c.obj
[ 69%] Building C object CMakeFiles/wifi_httpsrv.elf.dir/home/ubuntu/Desktop/comp445/rw612/middleware/lwip/src/apps/httpsrv/httpsrv_task.c.obj
[ 70%] Building C object CMakeFiles/wifi_httpsrv.elf.dir/home/ubuntu/Desktop/comp445/rw612/middleware/lwip/src/apps/httpsrv/httpsrv_tls.c.obj
[ 70%] Building C object CMakeFiles/wifi_httpsrv.elf.dir/home/ubuntu/Desktop/comp445/rw612/middleware/lwip/src/apps/httpsrv/httpsrv_utf8.c.obj
[ 70%] Building C object CMakeFiles/wifi_httpsrv.elf.dir/home/ubuntu/Desktop/comp445/rw612/middleware/lwip/src/apps/httpsrv/httpsrv_ws.c.obj
[ 71%] Building C object CMakeFiles/wifi_httpsrv.elf.dir/home/ubuntu/Desktop/comp445/rw612/middleware/lwip/src/apps/httpsrv/httpsrv_ws_api.c.obj
[ 72%] Building C object CMakeFiles/wifi_httpsrv.elf.dir/home/ubuntu/Desktop/comp445/rw612/middleware/lwip/src/apps/mdns/mdns_out.c.obj
[ 72%] Building C object CMakeFiles/wifi_httpsrv.elf.dir/home/ubuntu/Desktop/comp445/rw612/middleware/lwip/src/apps/mdns/mdns_domain.c.obj
[ 72%] Building C object CMakeFiles/wifi_httpsrv.elf.dir/home/ubuntu/Desktop/comp445/rw612/middleware/lwip/src/apps/mdns/mdns.c.obj
[ 73%] Building C object CMakeFiles/wifi_httpsrv.elf.dir/home/ubuntu/Desktop/comp445/rw612/middleware/lwip/port/sys_arch/dynamic/sys_arch.c.obj
[ 74%] Building C object CMakeFiles/wifi_httpsrv.elf.dir/home/ubuntu/Desktop/comp445/rw612/middleware/wifi_nxp/dhcpd/dhcp-server.c.obj
[ 74%] Building C object CMakeFiles/wifi_httpsrv.elf.dir/home/ubuntu/Desktop/comp445/rw612/middleware/wifi_nxp/dhcpd/dhcp-server-main.c.obj
[ 74%] Building C object CMakeFiles/wifi_httpsrv.elf.dir/home/ubuntu/Desktop/comp445/rw612/middleware/wifi_nxp/dhcpd/dns-server.c.obj
[ 75%] Building C object CMakeFiles/wifi_httpsrv.elf.dir/home/ubuntu/Desktop/comp445/rw612/middleware/wifi_nxp/port/net/net.c.obj
[ 75%] Building C object CMakeFiles/wifi_httpsrv.elf.dir/home/ubuntu/Desktop/comp445/rw612/middleware/wifi_nxp/port/net/wifi_netif.c.obj
[ 75%] Building C object CMakeFiles/wifi_httpsrv.elf.dir/home/ubuntu/Desktop/comp445/rw612/middleware/wifi_nxp/wlcmgr/wlan.c.obj
[ 76%] Building C object CMakeFiles/wifi_httpsrv.elf.dir/home/ubuntu/Desktop/comp445/rw612/middleware/wifi_nxp/wlcmgr/wlan_txpwrlimit_cfg.c.obj
[ 77%] Building C object CMakeFiles/wifi_httpsrv.elf.dir/home/ubuntu/Desktop/comp445/rw612/middleware/wifi_nxp/port/osa/osa.c.obj
[ 77%] Building C object CMakeFiles/wifi_httpsrv.elf.dir/home/ubuntu/Desktop/comp445/rw612/middleware/wifi_nxp/port/osa/mem_pool.c.obj
[ 77%] Building C object CMakeFiles/wifi_httpsrv.elf.dir/home/ubuntu/Desktop/comp445/rw612/middleware/wifi_nxp/wifidriver/wifi-imu.c.obj
[ 78%] Building C object CMakeFiles/wifi_httpsrv.elf.dir/home/ubuntu/Desktop/comp445/rw612/middleware/wifi_nxp/port/osa/mem_pool_config.c.obj
[ 78%] Building C object CMakeFiles/wifi_httpsrv.elf.dir/home/ubuntu/Desktop/comp445/rw612/middleware/wifi_nxp/port/osa/slist.c.obj
[ 79%] Building C object CMakeFiles/wifi_httpsrv.elf.dir/home/ubuntu/Desktop/comp445/rw612/middleware/wifi_nxp/port/osa/stack_simple.c.obj
[ 79%] Building C object CMakeFiles/wifi_httpsrv.elf.dir/home/ubuntu/Desktop/comp445/rw612/middleware/wifi_nxp/port/osa/osa_freertos.c.obj
[ 80%] Building C object CMakeFiles/wifi_httpsrv.elf.dir/home/ubuntu/Desktop/comp445/rw612/middleware/wifi_nxp/wifidriver/mlan_11ac.c.obj
[ 80%] Building C object CMakeFiles/wifi_httpsrv.elf.dir/home/ubuntu/Desktop/comp445/rw612/middleware/wifi_nxp/wifidriver/mlan_11ax.c.obj
[ 80%] Building C object CMakeFiles/wifi_httpsrv.elf.dir/home/ubuntu/Desktop/comp445/rw612/middleware/wifi_nxp/wifidriver/mlan_11d.c.obj
[ 81%] Building C object CMakeFiles/wifi_httpsrv.elf.dir/home/ubuntu/Desktop/comp445/rw612/middleware/wifi_nxp/wifidriver/mlan_11h.c.obj
[ 81%] Building C object CMakeFiles/wifi_httpsrv.elf.dir/home/ubuntu/Desktop/comp445/rw612/middleware/wifi_nxp/wifidriver/mlan_11n.c.obj
[ 82%] Building C object CMakeFiles/wifi_httpsrv.elf.dir/home/ubuntu/Desktop/comp445/rw612/middleware/wifi_nxp/wifidriver/mlan_11n_aggr.c.obj
[ 83%] Building C object CMakeFiles/wifi_httpsrv.elf.dir/home/ubuntu/Desktop/comp445/rw612/middleware/wifi_nxp/wifidriver/mlan_11v.c.obj
[ 83%] Building C object CMakeFiles/wifi_httpsrv.elf.dir/home/ubuntu/Desktop/comp445/rw612/middleware/wifi_nxp/wifidriver/mlan_action.c.obj
[ 84%] Building C object CMakeFiles/wifi_httpsrv.elf.dir/home/ubuntu/Desktop/comp445/rw612/middleware/wifi_nxp/wifidriver/mlan_11k.c.obj
[ 84%] Building C object CMakeFiles/wifi_httpsrv.elf.dir/home/ubuntu/Desktop/comp445/rw612/middleware/wifi_nxp/wifidriver/mlan_11n_rxreorder.c.obj
[ 85%] Building C object CMakeFiles/wifi_httpsrv.elf.dir/home/ubuntu/Desktop/comp445/rw612/middleware/wifi_nxp/wifidriver/mlan_api.c.obj
[ 85%] Building C object CMakeFiles/wifi_httpsrv.elf.dir/home/ubuntu/Desktop/comp445/rw612/middleware/wifi_nxp/wifidriver/mlan_mbo.c.obj
[ 85%] Building C object CMakeFiles/wifi_httpsrv.elf.dir/home/ubuntu/Desktop/comp445/rw612/middleware/wifi_nxp/wifidriver/mlan_cfp.c.obj
[ 85%] Building C object CMakeFiles/wifi_httpsrv.elf.dir/home/ubuntu/Desktop/comp445/rw612/middleware/wifi_nxp/wifidriver/mlan_cmdevt.c.obj
[ 86%] Building C object CMakeFiles/wifi_httpsrv.elf.dir/home/ubuntu/Desktop/comp445/rw612/middleware/wifi_nxp/wifidriver/mlan_glue.c.obj
[ 86%] Building C object CMakeFiles/wifi_httpsrv.elf.dir/home/ubuntu/Desktop/comp445/rw612/middleware/wifi_nxp/wifidriver/mlan_init.c.obj
[ 87%] Building C object CMakeFiles/wifi_httpsrv.elf.dir/home/ubuntu/Desktop/comp445/rw612/middleware/wifi_nxp/wifidriver/mlan_join.c.obj
[ 87%] Building C object CMakeFiles/wifi_httpsrv.elf.dir/home/ubuntu/Desktop/comp445/rw612/middleware/wifi_nxp/wifidriver/mlan_misc.c.obj
[ 88%] Building C object CMakeFiles/wifi_httpsrv.elf.dir/home/ubuntu/Desktop/comp445/rw612/middleware/wifi_nxp/wifidriver/mlan_scan.c.obj
[ 88%] Building C object CMakeFiles/wifi_httpsrv.elf.dir/home/ubuntu/Desktop/comp445/rw612/middleware/wifi_nxp/wifidriver/mlan_shim.c.obj
[ 89%] Building C object CMakeFiles/wifi_httpsrv.elf.dir/home/ubuntu/Desktop/comp445/rw612/middleware/wifi_nxp/wifidriver/mlan_sta_cmd.c.obj
[ 89%] Building C object CMakeFiles/wifi_httpsrv.elf.dir/home/ubuntu/Desktop/comp445/rw612/middleware/wifi_nxp/wifidriver/mlan_sta_cmdresp.c.obj
[ 90%] Building C object CMakeFiles/wifi_httpsrv.elf.dir/home/ubuntu/Desktop/comp445/rw612/middleware/wifi_nxp/wifidriver/mlan_sta_event.c.obj
[ 90%] Building C object CMakeFiles/wifi_httpsrv.elf.dir/home/ubuntu/Desktop/comp445/rw612/middleware/wifi_nxp/wifidriver/mlan_sta_ioctl.c.obj
[ 91%] Building C object CMakeFiles/wifi_httpsrv.elf.dir/home/ubuntu/Desktop/comp445/rw612/middleware/wifi_nxp/wifidriver/mlan_txrx.c.obj
[ 91%] Building C object CMakeFiles/wifi_httpsrv.elf.dir/home/ubuntu/Desktop/comp445/rw612/middleware/wifi_nxp/wifidriver/mlan_sta_rx.c.obj
[ 91%] Building C object CMakeFiles/wifi_httpsrv.elf.dir/home/ubuntu/Desktop/comp445/rw612/middleware/wifi_nxp/wifidriver/mlan_wmm.c.obj
[ 92%] Building C object CMakeFiles/wifi_httpsrv.elf.dir/home/ubuntu/Desktop/comp445/rw612/middleware/wifi_nxp/wifidriver/wifi-debug.c.obj
[ 92%] Building C object CMakeFiles/wifi_httpsrv.elf.dir/home/ubuntu/Desktop/comp445/rw612/middleware/wifi_nxp/wifidriver/wifi-mem.c.obj
[ 93%] Building C object CMakeFiles/wifi_httpsrv.elf.dir/home/ubuntu/Desktop/comp445/rw612/middleware/wifi_nxp/wifidriver/wifi.c.obj
[ 93%] Building C object CMakeFiles/wifi_httpsrv.elf.dir/home/ubuntu/Desktop/comp445/rw612/middleware/wifi_nxp/wifidriver/wifi_pwrmgr.c.obj
[ 94%] Building C object CMakeFiles/wifi_httpsrv.elf.dir/home/ubuntu/Desktop/comp445/rw612/middleware/wifi_nxp/wifidriver/wpa_supp_if/wifi_nxp.c.obj
[ 94%] Building C object CMakeFiles/wifi_httpsrv.elf.dir/home/ubuntu/Desktop/comp445/rw612/middleware/wifi_nxp/wifidriver/wpa_supp_if/rtos_wpa_supp_if.c.obj
[ 95%] Building C object CMakeFiles/wifi_httpsrv.elf.dir/home/ubuntu/Desktop/comp445/rw612/middleware/wifi_nxp/wifidriver/wpa_supp_if/wifi_nxp_internal.c.obj
[ 95%] Building C object CMakeFiles/wifi_httpsrv.elf.dir/home/ubuntu/Desktop/comp445/rw612/middleware/wifi_nxp/wifidriver/wifi-wps.c.obj
[ 95%] Building C object CMakeFiles/wifi_httpsrv.elf.dir/home/ubuntu/Desktop/comp445/rw612/middleware/wifi_nxp/wifidriver/wifi-uap.c.obj
[ 96%] Building C object CMakeFiles/wifi_httpsrv.elf.dir/home/ubuntu/Desktop/comp445/rw612/middleware/wifi_nxp/wifidriver/mlan_uap_ioctl.c.obj
[ 96%] Building C object CMakeFiles/wifi_httpsrv.elf.dir/home/ubuntu/Desktop/comp445/rw612/middleware/wifi_nxp/wifidriver/mlan_uap_cmdevent.c.obj
[ 97%] Building C object CMakeFiles/wifi_httpsrv.elf.dir/home/ubuntu/Desktop/comp445/rw612/devices/RW612/utilities/fsl_syscall_stub.c.obj
[ 97%] Building C object CMakeFiles/wifi_httpsrv.elf.dir/home/ubuntu/Desktop/comp445/rw612/devices/RW612/utilities/fsl_sbrk.c.obj
[ 98%] Building ASM object CMakeFiles/wifi_httpsrv.elf.dir/home/ubuntu/Desktop/comp445/rw612/devices/RW612/utilities/fsl_memcpy.S.obj
[ 98%] Building C object CMakeFiles/wifi_httpsrv.elf.dir/home/ubuntu/Desktop/comp445/rw612/devices/RW612/utilities/fsl_assert.c.obj
[ 99%] Building C object CMakeFiles/wifi_httpsrv.elf.dir/home/ubuntu/Desktop/comp445/rw612/devices/RW612/utilities/debug_console/fsl_debug_console.c.obj
[ 99%] Building C object CMakeFiles/wifi_httpsrv.elf.dir/home/ubuntu/Desktop/comp445/rw612/devices/RW612/utilities/str/fsl_str.c.obj
[100%] Linking C executable flash_debug/wifi_httpsrv.elf
Memory region         Used Size  Region Size  %age Used
  m_flash_config:          4 KB         4 KB    100.00%
    m_interrupts:         640 B        640 B    100.00%
          m_text:      465448 B    2092416 B     22.24%
          m_data:      414208 B      1164 KB     34.75%
         m_mbox1:        1160 B       1160 B    100.00%
          m_txq1:          4 KB         4 KB    100.00%
         m_mbox2:        1160 B       1160 B    100.00%
         m_txq23:          0 GB       4224 B      0.00%
         m_txq32:        4224 B       4224 B    100.00%
[100%] Built target wifi_httpsrv.elf
